<?xml version="1.0" encoding="UTF-8"?>
<testng-results ignored="0" total="1" passed="1" failed="0" skipped="0">
  <reporter-output>
  </reporter-output>
  <suite started-at="2024-03-20T14:35:02 IST" name="Default suite" finished-at="2024-03-20T14:35:30 IST" duration-ms="27755">
    <groups>
    </groups>
    <test started-at="2024-03-20T14:35:02 IST" name="Default test" finished-at="2024-03-20T14:35:30 IST" duration-ms="27755">
      <class name="testpkg.Fblogin">
        <test-method is-config="true" signature="setUp()[pri:0, instance:testpkg.Fblogin@4b45a2f5]" started-at="2024-03-20T14:35:02 IST" name="setUp" finished-at="2024-03-20T14:35:08 IST" duration-ms="5952" status="PASS">
          <reporter-output>
          </reporter-output>
        </test-method> <!-- setUp -->
        <test-method signature="test()[pri:0, instance:testpkg.Fblogin@4b45a2f5]" started-at="2024-03-20T14:35:08 IST" name="test" finished-at="2024-03-20T14:35:30 IST" duration-ms="21652" status="PASS">
          <reporter-output>
          </reporter-output>
        </test-method> <!-- test -->
      </class> <!-- testpkg.Fblogin -->
    </test> <!-- Default test -->
  </suite> <!-- Default suite -->
</testng-results>
